<?xml version="1.0" encoding="UTF-8"?>
<testsuite xmlns:xsi="http://www.w3.org/2001/XMLSchema-instance" xsi:schemaLocation="https://maven.apache.org/surefire/maven-surefire-plugin/xsd/surefire-test-report.xsd" name="TestSuite" time="123.404" tests="21" errors="0" skipped="2" failures="1">
  <properties>
    <property name="JOB_NAME" value="Testing_baba_5april_maven"/>
    <property name="java.vendor" value="Oracle Corporation"/>
    <property name="sun.java.launcher" value="SUN_STANDARD"/>
    <property name="RUN_TESTS_DISPLAY_URL" value="http://localhost:8080/job/Testing_baba_5april_maven/7/display/redirect?page=tests"/>
    <property name="NUMBER_OF_PROCESSORS" value="4"/>
    <property name="sun.management.compiler" value="HotSpot 64-Bit Tiered Compilers"/>
    <property name="JENKINS_HOME" value="C:\ProgramData\Jenkins\.jenkins"/>
    <property name="HUDSON_SERVER_COOKIE" value="eb8388b5b3d2ed27"/>
    <property name="POM_ARTIFACTID" value="5April_maven"/>
    <property name="os.name" value="Windows 10"/>
    <property name="EXECUTOR_NUMBER" value="0"/>
    <property name="sun.desktop" value="windows"/>
    <property name="PATHEXT" value=".COM;.EXE;.BAT;.CMD;.VBS;.VBE;.JS;.JSE;.WSF;.WSH;.MSC"/>
    <property name="POM_DISPLAYNAME" value="5April_maven"/>
    <property name="java.vm.specification.vendor" value="Oracle Corporation"/>
    <property name="user who is running automation " value="aparna"/>
    <property name="TEMP" value="C:\WINDOWS\TEMP"/>
    <property name="NODE_LABELS" value="WIN-SD built-in"/>
    <property name="ROOT_BUILD_CAUSE" value="MANUALTRIGGER"/>
    <property name="java.runtime.version" value="11.0.12+8-LTS-237"/>
    <property name="WINSW_SERVICE_ID" value="jenkins"/>
    <property name="user.name" value="DESKTOP-493EAAE$"/>
    <property name="guice.disable.misplaced.annotation.check" value="true"/>
    <property name="CommonProgramW6432" value="C:\Program Files\Common Files"/>
    <property name="ProgramFiles" value="C:\Program Files"/>
    <property name="user.language" value="en"/>
    <property name="JOB_BASE_NAME" value="Testing_baba_5april_maven"/>
    <property name="RUN_CHANGES_DISPLAY_URL" value="http://localhost:8080/job/Testing_baba_5april_maven/7/display/redirect?page=changes"/>
    <property name="BUILD_DISPLAY_NAME" value="#7"/>
    <property name="sun.boot.library.path" value="C:\Program Files\Java\jdk-11.0.12\bin"/>
    <property name="java.vm.compressedOopsMode" value="32-bit"/>
    <property name="LOCALAPPDATA" value="C:\WINDOWS\system32\config\systemprofile\AppData\Local"/>
    <property name="java.version" value="11.0.12"/>
    <property name="user.timezone" value="Asia/Calcutta"/>
    <property name="PROCESSOR_LEVEL" value="6"/>
    <property name="USERNAME" value="DESKTOP-493EAAE$"/>
    <property name="sun.arch.data.model" value="64"/>
    <property name="NODE_NAME" value="master"/>
    <property name="BUILD_ID" value="7"/>
    <property name="sun.cpu.isalist" value="amd64"/>
    <property name="sun.jnu.encoding" value="Cp1252"/>
    <property name="maven.conf" value="C:\ProgramData\Jenkins\.jenkins\tools\hudson.tasks.Maven_MavenInstallation\C_Users_dubey_Downloads_apache-maven-3.8.4-src_apache-maven-3.8.4_apache-maven\conf"/>
    <property name="file.separator" value="\"/>
    <property name="java.specification.name" value="Java Platform API Specification"/>
    <property name="java.class.version" value="55.0"/>
    <property name="org.slf4j.simpleLogger.defaultLogLevel" value="info"/>
    <property name="user.country" value="IN"/>
    <property name="ALLUSERSPROFILE" value="C:\ProgramData"/>
    <property name="java.home" value="C:\Program Files\Java\jdk-11.0.12"/>
    <property name="java.vm.info" value="mixed mode"/>
    <property name="os.version" value="10.0"/>
    <property name="RUN_DISPLAY_URL" value="http://localhost:8080/job/Testing_baba_5april_maven/7/display/redirect"/>
    <property name="POM_VERSION" value="0.0.1-SNAPSHOT"/>
    <property name="TMP" value="C:\WINDOWS\TEMP"/>
    <property name="path.separator" value=";"/>
    <property name="RUN_ARTIFACTS_DISPLAY_URL" value="http://localhost:8080/job/Testing_baba_5april_maven/7/display/redirect?page=artifacts"/>
    <property name="java.vm.version" value="11.0.12+8-LTS-237"/>
    <property name="user.variant" value=""/>
    <property name="CommonProgramFiles(x86)" value="C:\Program Files (x86)\Common Files"/>
    <property name="JOB_DISPLAY_URL" value="http://localhost:8080/job/Testing_baba_5april_maven/display/redirect"/>
    <property name="java.awt.printerjob" value="sun.awt.windows.WPrinterJob"/>
    <property name="CommonProgramFiles" value="C:\Program Files\Common Files"/>
    <property name="sun.io.unicode.encoding" value="UnicodeLittle"/>
    <property name="ComSpec" value="C:\WINDOWS\system32\cmd.exe"/>
    <property name="awt.toolkit" value="sun.awt.windows.WToolkit"/>
    <property name="POM_PACKAGING" value="jar"/>
    <property name="SERVICE_ID" value="jenkins"/>
    <property name="COMPUTERNAME" value="DESKTOP-493EAAE"/>
    <property name="user.script" value=""/>
    <property name="POM_GROUPID" value="5April_maven"/>
    <property name="user.home" value="C:\WINDOWS\system32\config\systemprofile"/>
    <property name="PUBLIC" value="C:\Users\Public"/>
    <property name="BUILD_TAG" value="jenkins-Testing_baba_5april_maven-7"/>
    <property name="JENKINS_SERVER_COOKIE" value="eb8388b5b3d2ed27"/>
    <property name="HUDSON_URL" value="http://localhost:8080/"/>
    <property name="ProgramData" value="C:\ProgramData"/>
    <property name="java.version.date" value="2021-07-20"/>
    <property name="java.specification.vendor" value="Oracle Corporation"/>
    <property name="USERPROFILE" value="C:\WINDOWS\system32\config\systemprofile"/>
    <property name="CLASSPATH" value=""/>
    <property name="java.library.path" value="C:\Program Files\Java\jdk-11.0.12\bin;C:\WINDOWS\Sun\Java\bin;C:\WINDOWS\system32;C:\WINDOWS;C:\ProgramData\Jenkins\.jenkins\tools\hudson.tasks.Maven_MavenInstallation\C_Users_dubey_Downloads_apache-maven-3.8.4-src_apache-maven-3.8.4_apache-maven/bin;C:\WINDOWS\system32;C:\WINDOWS;C:\WINDOWS\System32\Wbem;C:\WINDOWS\System32\WindowsPowerShell\v1.0\;C:\WINDOWS\System32\OpenSSH\;C:\Program Files\Git\cmd;C:\Program Files\Java\jdk-11.0.12\bin;C:\Program Files\apache-maven-3.8.4\bin;C:\Program Files\dotnet\;C:\WINDOWS\system32\config\systemprofile\AppData\Local\Microsoft\WindowsApps;."/>
    <property name="java.vendor.url" value="https://openjdk.java.net/"/>
    <property name="ROOT_BUILD_CAUSE_MANUALTRIGGER" value="true"/>
    <property name="java.vm.vendor" value="Oracle Corporation"/>
    <property name="APPDATA" value="C:\WINDOWS\system32\config\systemprofile\AppData\Roaming"/>
    <property name="ZES_ENABLE_SYSMAN" value="1"/>
    <property name="java.runtime.name" value="Java(TM) SE Runtime Environment"/>
    <property name="maven.home" value="C:\ProgramData\Jenkins\.jenkins\tools\hudson.tasks.Maven_MavenInstallation\C_Users_dubey_Downloads_apache-maven-3.8.4-src_apache-maven-3.8.4_apache-maven"/>
    <property name="java.class.path" value="C:\ProgramData\Jenkins\.jenkins\plugins\maven-plugin\WEB-INF\lib\maven35-agent-1.13.jar;C:\ProgramData\Jenkins\.jenkins\tools\hudson.tasks.Maven_MavenInstallation\C_Users_dubey_Downloads_apache-maven-3.8.4-src_apache-maven-3.8.4_apache-maven\boot\plexus-classworlds-2.6.0.jar;C:\ProgramData\Jenkins\.jenkins\tools\hudson.tasks.Maven_MavenInstallation\C_Users_dubey_Downloads_apache-maven-3.8.4-src_apache-maven-3.8.4_apache-maven/conf/logging"/>
    <property name="sun.java.command" value="jenkins.maven3.agent.Maven35Main C:\ProgramData\Jenkins\.jenkins\tools\hudson.tasks.Maven_MavenInstallation\C_Users_dubey_Downloads_apache-maven-3.8.4-src_apache-maven-3.8.4_apache-maven C:\ProgramData\Jenkins\war\WEB-INF\lib\remoting-4.13.jar C:\ProgramData\Jenkins\.jenkins\plugins\maven-plugin\WEB-INF\lib\maven35-interceptor-1.13.jar C:\ProgramData\Jenkins\.jenkins\plugins\maven-plugin\WEB-INF\lib\maven3-interceptor-commons-1.13.jar 63445"/>
    <property name="Path" value="C:\WINDOWS\system32;C:\WINDOWS;C:\WINDOWS\System32\Wbem;C:\WINDOWS\System32\WindowsPowerShell\v1.0\;C:\WINDOWS\System32\OpenSSH\;C:\Program Files\Git\cmd;C:\Program Files\Java\jdk-11.0.12\bin;C:\Program Files\apache-maven-3.8.4\bin;C:\Program Files\dotnet\;C:\WINDOWS\system32\config\systemprofile\AppData\Local\Microsoft\WindowsApps"/>
    <property name="jdk.debug" value="release"/>
    <property name="PROCESSOR_ARCHITECTURE" value="AMD64"/>
    <property name="java.vm.specification.name" value="Java Virtual Machine Specification"/>
    <property name="jansi.mode" value="strip"/>
    <property name="PROCESSOR_IDENTIFIER" value="Intel64 Family 6 Model 140 Stepping 1, GenuineIntel"/>
    <property name="java.vm.specification.version" value="11"/>
    <property name="M2_HOME" value="C:\ProgramData\Jenkins\.jenkins\tools\hudson.tasks.Maven_MavenInstallation\C_Users_dubey_Downloads_apache-maven-3.8.4-src_apache-maven-3.8.4_apache-maven"/>
    <property name="sun.cpu.endian" value="little"/>
    <property name="sun.os.patch.level" value=""/>
    <property name="OS" value="Windows_NT"/>
    <property name="CI" value="true"/>
    <property name="java.io.tmpdir" value="C:\WINDOWS\TEMP\"/>
    <property name="HUDSON_HOME" value="C:\ProgramData\Jenkins\.jenkins"/>
    <property name="PATH+MAVEN" value="C:\ProgramData\Jenkins\.jenkins\tools\hudson.tasks.Maven_MavenInstallation\C_Users_dubey_Downloads_apache-maven-3.8.4-src_apache-maven-3.8.4_apache-maven/bin"/>
    <property name="ProgramFiles(x86)" value="C:\Program Files (x86)"/>
    <property name="java.vendor.url.bug" value="https://bugreport.java.com/bugreport/"/>
    <property name="BUILD_URL" value="http://localhost:8080/job/Testing_baba_5april_maven/7/"/>
    <property name="SystemRoot" value="C:\WINDOWS"/>
    <property name="os.arch" value="amd64"/>
    <property name="java.awt.graphicsenv" value="sun.awt.Win32GraphicsEnvironment"/>
    <property name="user.dir" value="C:\Users\dubey\eclipse-workspace\5April_maven"/>
    <property name="JOB_URL" value="http://localhost:8080/job/Testing_baba_5april_maven/"/>
    <property name="USERDOMAIN" value="WORKGROUP"/>
    <property name="MAVEN_HOME" value="C:\ProgramData\Jenkins\.jenkins\tools\hudson.tasks.Maven_MavenInstallation\C_Users_dubey_Downloads_apache-maven-3.8.4-src_apache-maven-3.8.4_apache-maven"/>
    <property name="line.separator" value="&#10;"/>
    <property name="java.vm.name" value="Java HotSpot(TM) 64-Bit Server VM"/>
    <property name="BASE" value="C:\Program Files\Jenkins"/>
    <property name="BUILD_NUMBER" value="7"/>
    <property name="PROCESSOR_REVISION" value="8c01"/>
    <property name="JENKINS_URL" value="http://localhost:8080/"/>
    <property name="GIT_BRANCH" value="origin/master"/>
    <property name="ProgramW6432" value="C:\Program Files"/>
    <property name="BUILD_CAUSE_MANUALTRIGGER" value="true"/>
    <property name="windir" value="C:\WINDOWS"/>
    <property name="GIT_COMMIT" value="02ed76d304547467b3a09a9fd5b5aa4c0b0d3d1e"/>
    <property name="file.encoding" value="Cp1252"/>
    <property name="SystemDrive" value="C:"/>
    <property name="maven3.interceptor" value="C:\ProgramData\Jenkins\.jenkins\plugins\maven-plugin\WEB-INF\lib\maven35-interceptor-1.13.jar"/>
    <property name="WORKSPACE_TMP" value="C:\ProgramData\Jenkins\.jenkins\workspace\Testing_baba_5april_maven@tmp"/>
    <property name="WORKSPACE" value="C:\ProgramData\Jenkins\.jenkins\workspace\Testing_baba_5april_maven"/>
    <property name="maven3.interceptor.common" value="C:\ProgramData\Jenkins\.jenkins\plugins\maven-plugin\WEB-INF\lib\maven3-interceptor-commons-1.13.jar"/>
    <property name="WINSW_EXECUTABLE" value="C:\Program Files\Jenkins\jenkins.exe"/>
    <property name="PSModulePath" value="C:\Program Files\WindowsPowerShell\Modules;C:\WINDOWS\system32\WindowsPowerShell\v1.0\Modules"/>
    <property name="java.specification.version" value="11"/>
    <property name="BUILD_CAUSE" value="MANUALTRIGGER"/>
    <property name="DriverData" value="C:\Windows\System32\Drivers\DriverData"/>
    <property name="java.vendor.version" value="18.9"/>
    <property name="GIT_URL" value="https://github.com/shivusrd/shilpa_5_april_maven"/>
  </properties>
  <testcase name="LaunchTestingBaba_test01" classname="testingbaba.Testingbaba_launch_test" time="0.03"/>
  <testcase name="TextboxTestingBaba_test01" classname="testingbaba.Testingbaba_textbox_test" time="0.012"/>
  <testcase name="TextboxTestingBaba_test02" classname="testingbaba.Testingbaba_textbox_test" time="0.139"/>
  <testcase name="TextboxTestingBaba_test03" classname="testingbaba.Testingbaba_textbox_test" time="1.157"/>
  <testcase name="TextboxTestingBaba_test04" classname="testingbaba.Testingbaba_textbox_test" time="0.261"/>
  <testcase name="ButtonsTestingBaba_test01" classname="testingbaba.Testingbaba_buttons_test" time="0.219"/>
  <testcase name="ButtonsTestingBaba_test02" classname="testingbaba.Testingbaba_buttons_test" time="0.749"/>
  <testcase name="ButtonsTestingBaba_test03" classname="testingbaba.Testingbaba_buttons_test" time="0.237"/>
  <testcase name="CheckboxTestingBaba_test01" classname="testingbaba.Testingbaba_checkbox_test" time="0.152"/>
  <testcase name="CheckboxTestingBaba_test02" classname="testingbaba.Testingbaba_checkbox_test" time="4.238"/>
  <testcase name="CheckboxTestingBaba_test03" classname="testingbaba.Testingbaba_checkbox_test" time="8.814"/>
  <testcase name="DropdownTestingBaba_test01" classname="testingbaba.Testingbaba_dropdown_test" time="12.41"/>
  <testcase name="LinksTestingBaba_test01" classname="testingbaba.Testingbaba_links_test" time="0.147"/>
  <testcase name="LinksTestingBaba_test02" classname="testingbaba.Testingbaba_links_test" time="4.377"/>
  <testcase name="launchtestingbaba" classname="testingbaba.Testingbaba_radio_test" time="10.319">
    <failure message="null value in entry: url=null" type="java.lang.NullPointerException">java.lang.NullPointerException: null value in entry: url=null
	at testingbaba.Testingbaba_radio_test.launchtestingbaba(Testingbaba_radio_test.java:21)
</failure>
    <system-out><![CDATA[[INFO ] 2022-04-14 15:25:42.237 [main] Baselibrary - Closing Chrome Browser
[INFO ] 2022-04-14 15:25:43.546 [main] Baselibrary - Starting Chrome Browser
]]></system-out>
    <system-err><![CDATA[Starting ChromeDriver 100.0.4896.60 (6a5d10861ce8de5fce22564658033b43cb7de047-refs/branch-heads/4896@{#875}) on port 63119
Only local connections are allowed.
Please see https://chromedriver.chromium.org/security-considerations for suggestions on keeping ChromeDriver safe.
ChromeDriver was started successfully.
Apr 14, 2022 3:25:47 PM org.openqa.selenium.remote.ProtocolHandshake createSession
INFO: Detected dialect: W3C
Apr 14, 2022 3:25:48 PM org.openqa.selenium.devtools.CdpVersionFinder findNearestMatch
WARNING: Unable to find an exact match for CDP version 100, so returning the closest version found: 97
Apr 14, 2022 3:25:48 PM org.openqa.selenium.devtools.CdpVersionFinder findNearestMatch
INFO: Found CDP implementation for version 100 of 97
]]></system-err>
  </testcase>
  <testcase name="RadioButtonTestingBaba_test01" classname="testingbaba.Testingbaba_radio_test" time="0">
    <skipped message="null value in entry: url=null"/>
  </testcase>
  <testcase name="Teardown" classname="testingbaba.Testingbaba_radio_test" time="0">
    <skipped/>
  </testcase>
  <testcase name="AutocompleteTestingBaba_test01" classname="testingbaba.Testingbaba_autocomplete_test" time="0.174"/>
  <testcase name="AutocompleteTestingBaba_test02" classname="testingbaba.Testingbaba_autocomplete_test" time="1.134"/>
  <testcase name="AutocompleteTestingBaba_test03" classname="testingbaba.Testingbaba_autocomplete_test" time="2.594"/>
  <testcase name="WebTablesTestingBaba_test01" classname="testingbaba.Testingbaba_webtables_test" time="16.396"/>
</testsuite>