<?xml version="1.0" encoding="UTF-8"?>
<!-- Generated by org.testng.reporters.JUnitReportReporter -->
<testsuite hostname="DESKTOP-493EAAE" failures="0" tests="2" name="testingbaba_test.Radiobutton_test" time="0.334" errors="0" timestamp="2022-04-12T20:50:20 IST" skipped="0">
  <testcase classname="testingbaba_test.Radiobutton_test" name="radiobutton" time="0.121"/>
  <system-out/>
  <testcase classname="testingbaba_test.Radiobutton_test" name="radiobutton1" time="0.213"/>
  <system-out/>
</testsuite> <!-- testingbaba_test.Radiobutton_test -->
