<?xml version="1.0" encoding="UTF-8"?>
<!-- Generated by org.testng.reporters.JUnitReportReporter -->
<testsuite hostname="DESKTOP-493EAAE" failures="0" tests="2" name="testingbaba_test.Webtables_test" time="2.832" errors="0" timestamp="2022-04-12T20:50:20 IST" skipped="0">
  <testcase classname="testingbaba_test.Webtables_test" name="webtables" time="0.141"/>
  <system-out/>
  <testcase classname="testingbaba_test.Webtables_test" name="webtables1" time="2.691"/>
  <system-out/>
</testsuite> <!-- testingbaba_test.Webtables_test -->
