<?xml version="1.0" encoding="UTF-8"?>
<!-- Generated by org.testng.reporters.JUnitReportReporter -->
<testsuite hostname="DESKTOP-493EAAE" failures="0" tests="2" name="testingbaba_test.Checkbox_test" time="0.646" errors="0" timestamp="2022-04-12T20:50:20 IST" skipped="0">
  <testcase classname="testingbaba_test.Checkbox_test" name="checkbox_test2" time="0.533"/>
  <system-out/>
  <testcase classname="testingbaba_test.Checkbox_test" name="checkbox_test" time="0.113"/>
  <system-out/>
</testsuite> <!-- testingbaba_test.Checkbox_test -->
