<?xml version="1.0" encoding="UTF-8"?>
<!-- Generated by org.testng.reporters.JUnitReportReporter -->
<testsuite hostname="DESKTOP-493EAAE" failures="0" tests="2" name="testingbaba_test.Textbox_test" time="3.898" errors="0" timestamp="2022-04-12T20:50:20 IST" skipped="0">
  <testcase classname="testingbaba_test.Textbox_test" name="textbox_test" time="0.090"/>
  <system-out/>
  <testcase classname="testingbaba_test.Textbox_test" name="textbox_test2" time="3.808"/>
  <system-out/>
</testsuite> <!-- testingbaba_test.Textbox_test -->
