<?xml version="1.0" encoding="UTF-8"?>
<!-- Generated by org.testng.reporters.JUnitReportReporter -->
<testsuite hostname="DESKTOP-493EAAE" failures="0" tests="1" name="testingbaba.Testingbaba_dropdown_test" time="12.409" errors="0" timestamp="2022-04-14T15:26:23 IST" skipped="0">
  <testcase classname="testingbaba.Testingbaba_dropdown_test" name="DropdownTestingBaba_test01" time="12.409"/>
  <system-out/>
</testsuite> <!-- testingbaba.Testingbaba_dropdown_test -->
