<?xml version="1.0" encoding="UTF-8"?>
<!-- Generated by org.testng.reporters.JUnitReportReporter -->
<testsuite hostname="DESKTOP-493EAAE" failures="0" tests="1" name="testingbaba_test.Login_test" time="0.007" errors="0" timestamp="2022-04-14T09:55:18 IST" skipped="0">
  <testcase classname="testingbaba_test.Login_test" name="gettitle" time="0.007"/>
  <system-out/>
</testsuite> <!-- testingbaba_test.Login_test -->
