<?xml version="1.0" encoding="UTF-8"?>
<!-- Generated by org.testng.reporters.JUnitReportReporter -->
<testsuite hostname="DESKTOP-493EAAE" failures="0" tests="2" name="testingbaba_test.Webtables_test" time="2.326" errors="0" timestamp="2022-04-14T09:55:18 IST" skipped="0">
  <testcase classname="testingbaba_test.Webtables_test" name="webtables" time="0.049"/>
  <system-out/>
  <testcase classname="testingbaba_test.Webtables_test" name="webtables1" time="2.277"/>
  <system-out/>
</testsuite> <!-- testingbaba_test.Webtables_test -->
