<?xml version="1.0" encoding="UTF-8"?>
<!-- Generated by org.testng.reporters.JUnitReportReporter -->
<testsuite hostname="DESKTOP-493EAAE" failures="0" tests="3" name="testingbaba.Testingbaba_checkbox_test" time="13.204" errors="0" timestamp="2022-04-14T15:26:23 IST" skipped="0">
  <testcase classname="testingbaba.Testingbaba_checkbox_test" name="CheckboxTestingBaba_test01" time="0.152"/>
  <system-out/>
  <testcase classname="testingbaba.Testingbaba_checkbox_test" name="CheckboxTestingBaba_test02" time="4.238"/>
  <system-out/>
  <testcase classname="testingbaba.Testingbaba_checkbox_test" name="CheckboxTestingBaba_test03" time="8.814"/>
  <system-out/>
</testsuite> <!-- testingbaba.Testingbaba_checkbox_test -->
