<?xml version="1.0" encoding="UTF-8"?>
<!-- Generated by org.testng.reporters.JUnitReportReporter -->
<testsuite hostname="DESKTOP-493EAAE" failures="0" tests="2" name="testingbaba_test.Textbox_test" time="2.700" errors="0" timestamp="2022-04-14T09:55:18 IST" skipped="0">
  <testcase classname="testingbaba_test.Textbox_test" name="textbox_test" time="0.057"/>
  <system-out/>
  <testcase classname="testingbaba_test.Textbox_test" name="textbox_test2" time="2.643"/>
  <system-out/>
</testsuite> <!-- testingbaba_test.Textbox_test -->
