<?xml version="1.0" encoding="UTF-8"?>
<!-- Generated by org.testng.reporters.JUnitReportReporter -->
<testsuite hostname="DESKTOP-493EAAE" failures="0" tests="2" name="testingbaba.Testingbaba_links_test" time="4.525" errors="0" timestamp="2022-04-14T15:26:23 IST" skipped="0">
  <testcase classname="testingbaba.Testingbaba_links_test" name="LinksTestingBaba_test01" time="0.147"/>
  <system-out/>
  <testcase classname="testingbaba.Testingbaba_links_test" name="LinksTestingBaba_test02" time="4.378"/>
  <system-out/>
</testsuite> <!-- testingbaba.Testingbaba_links_test -->
